16:04:59: Creating resource group General
16:04:59: Creating resource group Internal
16:04:59: Creating resource group Autodetect
16:04:59: SceneManagerFactory for type 'DefaultSceneManager' registered.
16:04:59: Registering ResourceManager for type Material
16:04:59: Registering ResourceManager for type Mesh
16:04:59: Registering ResourceManager for type Skeleton
16:04:59: MovableObjectFactory for type 'ParticleSystem' registered.
16:04:59: ArchiveFactory for archive type FileSystem registered.
16:04:59: ArchiveFactory for archive type Zip registered.
16:04:59: ArchiveFactory for archive type EmbeddedZip registered.
16:04:59: DDS codec registering
16:04:59: ETC codec registering
16:04:59: Registering ResourceManager for type HighLevelGpuProgram
16:04:59: Registering ResourceManager for type Compositor
16:04:59: MovableObjectFactory for type 'Entity' registered.
16:04:59: MovableObjectFactory for type 'Light' registered.
16:04:59: MovableObjectFactory for type 'BillboardSet' registered.
16:04:59: MovableObjectFactory for type 'ManualObject' registered.
16:04:59: MovableObjectFactory for type 'BillboardChain' registered.
16:04:59: MovableObjectFactory for type 'RibbonTrail' registered.
16:04:59: Loading library /snap/vscode/51/usr/local/lib/OGRE/RenderSystem_GL
16:04:59: InternalErrorException: Could not load dynamic library /snap/vscode/51/usr/local/lib/OGRE/RenderSystem_GL.  System Error: /snap/vscode/51/usr/local/lib/OGRE/RenderSystem_GL.so.1.11.0: cannot open shared object file: No such file or directory in DynLib::load at /home/carlos/ogre2/ogre-master/OgreMain/src/OgreDynLib.cpp (line 109)
16:04:59: Unregistering ResourceManager for type Compositor
16:04:59: Unregistering ResourceManager for type Skeleton
16:04:59: Unregistering ResourceManager for type Mesh
16:04:59: Unregistering ResourceManager for type HighLevelGpuProgram
16:04:59: Unregistering ResourceManager for type Material
